<?xml version="1.0" encoding="UTF-8"?>
<testsuite xmlns:xsi="http://www.w3.org/2001/XMLSchema-instance" xsi:noNamespaceSchemaLocation="https://maven.apache.org/surefire/maven-surefire-plugin/xsd/surefire-test-report.xsd" name="parallel.ParallelRun" time="106.306" tests="8" errors="0" skipped="0" failures="5">
  <properties>
[...]
</properties>
  <testcase name="runScenario" classname="parallel.ParallelRun" time="83.794"/>
  <testcase name="runScenario" classname="parallel.ParallelRun" time="87.783"/>
  <testcase name="runScenario" classname="parallel.ParallelRun" time="88.927"/>
  <testcase name="runScenario" classname="parallel.ParallelRun" time="88.964">
    <failure message="expected:&lt;[My account] - My Store&gt; but was:&lt;[Login] - My Store&gt;" type="org.junit.ComparisonFailure"><![CDATA[org.junit.ComparisonFailure: expected:<[My account] - My Store> but was:<[Login] - My Store>
]]></failure>
  </testcase>
  <testcase name="runScenario" classname="parallel.ParallelRun" time="89.207">
    <failure message="expected:&lt;[My account - My Stor]e&gt; but was:&lt;[Error 406 - Not Acceptabl]e&gt;" type="org.junit.ComparisonFailure"><![CDATA[org.junit.ComparisonFailure: expected:<[My account - My Stor]e> but was:<[Error 406 - Not Acceptabl]e>
]]></failure>
    <system-out><![CDATA[
    Embedding Login_with_correct_credentials [image/png 156971 bytes]

]]></system-out>
  </testcase>
  <testcase name="runScenario" classname="parallel.ParallelRun" time="89.497">
    <failure message="expected:&lt;[My account] - My Store&gt; but was:&lt;[Login] - My Store&gt;" type="org.junit.ComparisonFailure"><![CDATA[org.junit.ComparisonFailure: expected:<[My account] - My Store> but was:<[Login] - My Store>
]]></failure>
    <system-out><![CDATA[  And user enters password "Selenium12345"                   # parallel.LoginPageSteps.user_enters_password(java.lang.String)
]]></system-out>
  </testcase>
  <testcase name="runScenario" classname="parallel.ParallelRun" time="89.669">
    <failure type="java.lang.AssertionError">java.lang.AssertionError
</failure>
    <system-out><![CDATA[
    Embedding Login_with_correct_credentials [image/png 156913 bytes]

]]></system-out>
  </testcase>
  <testcase name="runScenario" classname="parallel.ParallelRun" time="92.714">
    <failure type="java.lang.AssertionError">java.lang.AssertionError
</failure>
    <system-out><![CDATA[  And user clicks on Login button                            # parallel.LoginPageSteps.user_clicks_on_login_button()

    Embedding Login_with_correct_credentials [image/png 153388 bytes]

Page title :: Login - My Store
  Then user gets the title of the page                       # parallel.LoginPageSteps.user_gets_the_title_of_the_page()

    Embedding Login_with_correct_credentials [image/png 153388 bytes]

  And page title should be "My account - My Store"           # parallel.LoginPageSteps.page_title_should_be(java.lang.String)
      java.lang.AssertionError
	at org.junit.Assert.fail(Assert.java:87)
	at org.junit.Assert.assertTrue(Assert.java:42)
	at org.junit.Assert.assertTrue(Assert.java:53)
	at parallel.LoginPageSteps.page_title_should_be(LoginPageSteps.java:32)
	at âœ½.page title should be "My account - My Store"(file:///F:/MultiThreadedCucumberTestNgFramework/multiThread/src/test/resources/parallel/LoginPage.feature:18)


    Embedding Login_with_correct_credentials [image/png 153388 bytes]


    Embedding Login_with_correct_credentials [image/png 153388 bytes]

]]></system-out>
  </testcase>
</testsuite>